<?xml version="1.0" encoding="UTF-8"?>
<testsuite xmlns:xsi="http://www.w3.org/2001/XMLSchema-instance" xsi:noNamespaceSchemaLocation="https://maven.apache.org/surefire/maven-surefire-plugin/xsd/surefire-test-report.xsd" version="3.0.2" name="com.tahtam.backend.BackendApplicationTests" time="1.502" tests="1" errors="0" skipped="0" failures="0">
  <properties>
[...]
</properties>
  <testcase name="contextLoads" classname="com.tahtam.backend.BackendApplicationTests" time="0.374">
    <system-out><![CDATA[14:44:25.511 [main] INFO org.springframework.test.context.support.AnnotationConfigContextLoaderUtils -- Could not detect default configuration classes for test class [com.tahtam.backend.BackendApplicationTests]: BackendApplicationTests does not declare any static, non-private, non-final, nested classes annotated with @Configuration.
14:44:25.561 [main] INFO org.springframework.boot.test.context.SpringBootTestContextBootstrapper -- Found @SpringBootConfiguration com.tahtam.backend.BackendApplication for test class com.tahtam.backend.BackendApplicationTests

  .   ____          _            __ _ _
 /\\ / ___'_ __ _ _(_)_ __  __ _ \ \ \ \
( ( )\___ | '_ | '_| | '_ \/ _` | \ \ \ \
 \\/  ___)| |_)| | | | | || (_| |  ) ) ) )
  '  |____| .__|_| |_|_| |_\__, | / / / /
 =========|_|==============|___/=/_/_/_/

 :: Spring Boot ::                (v3.5.7)

2025-11-17T14:44:25.736+03:00  INFO 16328 --- [backend] [           main] c.t.backend.BackendApplicationTests      : Starting BackendApplicationTests using Java 24.0.2 with PID 16328 (started by mdp in /Users/mdp/Documents/GitHub/Tahtam2.0/backend)
2025-11-17T14:44:25.737+03:00  INFO 16328 --- [backend] [           main] c.t.backend.BackendApplicationTests      : No active profile set, falling back to 1 default profile: "default"
2025-11-17T14:44:25.975+03:00  INFO 16328 --- [backend] [           main] .s.d.r.c.RepositoryConfigurationDelegate : Bootstrapping Spring Data MongoDB repositories in DEFAULT mode.
2025-11-17T14:44:25.999+03:00  INFO 16328 --- [backend] [           main] .s.d.r.c.RepositoryConfigurationDelegate : Finished Spring Data repository scanning in 21 ms. Found 4 MongoDB repository interfaces.
2025-11-17T14:44:26.179+03:00  INFO 16328 --- [backend] [uw7.mongodb.net] org.mongodb.driver.cluster               : Adding discovered server ac-vc62fm9-shard-00-01.cyrkuw7.mongodb.net:27017 to client view of cluster
2025-11-17T14:44:26.182+03:00  INFO 16328 --- [backend] [           main] org.mongodb.driver.client                : MongoClient with metadata {"application": {"name": "TahtamCluster"}, "driver": {"name": "mongo-java-driver|sync|spring-boot", "version": "5.5.2"}, "os": {"type": "Darwin", "name": "Mac OS X", "architecture": "aarch64", "version": "14.7.7"}, "platform": "Java/Eclipse Adoptium/24.0.2+12"} created with settings MongoClientSettings{readPreference=primary, writeConcern=WriteConcern{w=null, wTimeout=null ms, journal=null}, retryWrites=true, retryReads=true, readConcern=ReadConcern{level=null}, credential=MongoCredential{mechanism=null, userName='ozguryavuz', source='admin', password=<hidden>, mechanismProperties=<hidden>}, transportSettings=null, commandListeners=[], codecRegistry=ProvidersCodecRegistry{codecProviders=[ValueCodecProvider{}, BsonValueCodecProvider{}, DBRefCodecProvider{}, DBObjectCodecProvider{}, DocumentCodecProvider{}, CollectionCodecProvider{}, IterableCodecProvider{}, MapCodecProvider{}, GeoJsonCodecProvider{}, GridFSFileCodecProvider{}, Jsr310CodecProvider{}, JsonObjectCodecProvider{}, BsonCodecProvider{}, EnumCodecProvider{}, com.mongodb.client.model.mql.ExpressionCodecProvider@7efa3f63, com.mongodb.Jep395RecordCodecProvider@7134b8a7, com.mongodb.KotlinCodecProvider@2262d6d5]}, loggerSettings=LoggerSettings{maxDocumentLength=1000}, clusterSettings={hosts=[127.0.0.1:27017], srvHost=tahtamcluster.cyrkuw7.mongodb.net, srvServiceName=mongodb, mode=MULTIPLE, requiredClusterType=REPLICA_SET, requiredReplicaSetName='atlas-n7cby2-shard-0', serverSelector='null', clusterListeners='[]', serverSelectionTimeout='30000 ms', localThreshold='15 ms'}, socketSettings=SocketSettings{connectTimeoutMS=10000, readTimeoutMS=0, receiveBufferSize=0, proxySettings=ProxySettings{host=null, port=null, username=null, password=null}}, heartbeatSocketSettings=SocketSettings{connectTimeoutMS=10000, readTimeoutMS=10000, receiveBufferSize=0, proxySettings=ProxySettings{host=null, port=null, username=null, password=null}}, connectionPoolSettings=ConnectionPoolSettings{maxSize=100, minSize=0, maxWaitTimeMS=120000, maxConnectionLifeTimeMS=0, maxConnectionIdleTimeMS=0, maintenanceInitialDelayMS=0, maintenanceFrequencyMS=60000, connectionPoolListeners=[], maxConnecting=2}, serverSettings=ServerSettings{heartbeatFrequencyMS=10000, minHeartbeatFrequencyMS=500, serverMonitoringMode=AUTO, serverListeners='[]', serverMonitorListeners='[]'}, sslSettings=SslSettings{enabled=true, invalidHostNameAllowed=false, context=null}, applicationName='TahtamCluster', compressorList=[], uuidRepresentation=JAVA_LEGACY, serverApi=null, autoEncryptionSettings=null, dnsClient=null, inetAddressResolver=null, contextProvider=null, timeoutMS=null}
2025-11-17T14:44:26.188+03:00  INFO 16328 --- [backend] [uw7.mongodb.net] org.mongodb.driver.cluster               : Adding discovered server ac-vc62fm9-shard-00-02.cyrkuw7.mongodb.net:27017 to client view of cluster
2025-11-17T14:44:26.190+03:00  INFO 16328 --- [backend] [uw7.mongodb.net] org.mongodb.driver.cluster               : Adding discovered server ac-vc62fm9-shard-00-00.cyrkuw7.mongodb.net:27017 to client view of cluster
2025-11-17T14:44:26.408+03:00  INFO 16328 --- [backend] [           main] o.s.b.a.w.s.WelcomePageHandlerMapping    : Adding welcome page: class path resource [static/index.html]
2025-11-17T14:44:26.546+03:00  INFO 16328 --- [backend] [ngodb.net:27017] org.mongodb.driver.cluster               : Monitor thread successfully connected to server with description ServerDescription{address=ac-vc62fm9-shard-00-00.cyrkuw7.mongodb.net:27017, type=REPLICA_SET_SECONDARY, cryptd=false, state=CONNECTED, ok=true, minWireVersion=0, maxWireVersion=25, maxDocumentSize=16777216, logicalSessionTimeoutMinutes=30, roundTripTimeNanos=209909375, minRoundTripTimeNanos=0, setName='atlas-n7cby2-shard-0', canonicalAddress=ac-vc62fm9-shard-00-00.cyrkuw7.mongodb.net:27017, hosts=[ac-vc62fm9-shard-00-00.cyrkuw7.mongodb.net:27017, ac-vc62fm9-shard-00-01.cyrkuw7.mongodb.net:27017, ac-vc62fm9-shard-00-02.cyrkuw7.mongodb.net:27017], passives=[], arbiters=[], primary='ac-vc62fm9-shard-00-02.cyrkuw7.mongodb.net:27017', tagSet=TagSet{[Tag{name='availabilityZone', value='1'}, Tag{name='diskState', value='READY'}, Tag{name='nodeType', value='ELECTABLE'}, Tag{name='provider', value='AZURE'}, Tag{name='region', value='EUROPE_WEST'}, Tag{name='workloadType', value='OPERATIONAL'}]}, electionId=null, setVersion=184, topologyVersion=TopologyVersion{processId=691a6cfd64182ecb1b45d309, counter=4}, lastWriteDate=Mon Nov 17 14:44:26 GMT+03:00 2025, lastUpdateTimeNanos=1269811449256416}
2025-11-17T14:44:26.546+03:00  INFO 16328 --- [backend] [ngodb.net:27017] org.mongodb.driver.cluster               : Monitor thread successfully connected to server with description ServerDescription{address=ac-vc62fm9-shard-00-01.cyrkuw7.mongodb.net:27017, type=REPLICA_SET_SECONDARY, cryptd=false, state=CONNECTED, ok=true, minWireVersion=0, maxWireVersion=25, maxDocumentSize=16777216, logicalSessionTimeoutMinutes=30, roundTripTimeNanos=209909292, minRoundTripTimeNanos=0, setName='atlas-n7cby2-shard-0', canonicalAddress=ac-vc62fm9-shard-00-01.cyrkuw7.mongodb.net:27017, hosts=[ac-vc62fm9-shard-00-00.cyrkuw7.mongodb.net:27017, ac-vc62fm9-shard-00-01.cyrkuw7.mongodb.net:27017, ac-vc62fm9-shard-00-02.cyrkuw7.mongodb.net:27017], passives=[], arbiters=[], primary='ac-vc62fm9-shard-00-02.cyrkuw7.mongodb.net:27017', tagSet=TagSet{[Tag{name='availabilityZone', value='2'}, Tag{name='diskState', value='READY'}, Tag{name='nodeType', value='ELECTABLE'}, Tag{name='provider', value='AZURE'}, Tag{name='region', value='EUROPE_WEST'}, Tag{name='workloadType', value='OPERATIONAL'}]}, electionId=null, setVersion=184, topologyVersion=TopologyVersion{processId=691a6f4f8457ec9f50bc7717, counter=3}, lastWriteDate=Mon Nov 17 14:44:26 GMT+03:00 2025, lastUpdateTimeNanos=1269811449256416}
2025-11-17T14:44:26.547+03:00  INFO 16328 --- [backend] [ngodb.net:27017] org.mongodb.driver.cluster               : Monitor thread successfully connected to server with description ServerDescription{address=ac-vc62fm9-shard-00-02.cyrkuw7.mongodb.net:27017, type=REPLICA_SET_PRIMARY, cryptd=false, state=CONNECTED, ok=true, minWireVersion=0, maxWireVersion=25, maxDocumentSize=16777216, logicalSessionTimeoutMinutes=30, roundTripTimeNanos=217482750, minRoundTripTimeNanos=0, setName='atlas-n7cby2-shard-0', canonicalAddress=ac-vc62fm9-shard-00-02.cyrkuw7.mongodb.net:27017, hosts=[ac-vc62fm9-shard-00-00.cyrkuw7.mongodb.net:27017, ac-vc62fm9-shard-00-01.cyrkuw7.mongodb.net:27017, ac-vc62fm9-shard-00-02.cyrkuw7.mongodb.net:27017], passives=[], arbiters=[], primary='ac-vc62fm9-shard-00-02.cyrkuw7.mongodb.net:27017', tagSet=TagSet{[Tag{name='availabilityZone', value='3'}, Tag{name='diskState', value='READY'}, Tag{name='nodeType', value='ELECTABLE'}, Tag{name='provider', value='AZURE'}, Tag{name='region', value='EUROPE_WEST'}, Tag{name='workloadType', value='OPERATIONAL'}]}, electionId=7fffffff0000000000000132, setVersion=184, topologyVersion=TopologyVersion{processId=691a6b3de67e97b50a24d153, counter=6}, lastWriteDate=Mon Nov 17 14:44:26 GMT+03:00 2025, lastUpdateTimeNanos=1269811458683958}
2025-11-17T14:44:26.549+03:00  INFO 16328 --- [backend] [ngodb.net:27017] org.mongodb.driver.cluster               : Discovered replica set primary ac-vc62fm9-shard-00-02.cyrkuw7.mongodb.net:27017 with max election id 7fffffff0000000000000132 and max set version 184
2025-11-17T14:44:26.566+03:00  INFO 16328 --- [backend] [           main] c.t.backend.BackendApplicationTests      : Started BackendApplicationTests in 0.943 seconds (process running for 1.35)
]]></system-out>
    <system-err><![CDATA[Mockito is currently self-attaching to enable the inline-mock-maker. This will no longer work in future releases of the JDK. Please add Mockito as an agent to your build as described in Mockito's documentation: https://javadoc.io/doc/org.mockito/mockito-core/latest/org.mockito/org/mockito/Mockito.html#0.3
WARNING: A Java agent has been loaded dynamically (/Users/mdp/.m2/repository/net/bytebuddy/byte-buddy-agent/1.17.8/byte-buddy-agent-1.17.8.jar)
WARNING: If a serviceability tool is in use, please run with -XX:+EnableDynamicAgentLoading to hide this warning
WARNING: If a serviceability tool is not in use, please run with -Djdk.instrument.traceUsage for more information
WARNING: Dynamic loading of agents will be disallowed by default in a future release
]]></system-err>
  </testcase>
</testsuite>